# JRE version: OpenJDK Runtime Environment (11.0.11+9) (build 11.0.11+9-b60-7590822)
# Java VM: OpenJDK 64-Bit Server VM (11.0.11+9-b60-7590822, mixed mode, tiered, compressed oops, g1 gc, windows-amd64)
Heap:
 garbage-first heap   total 260096K, used 99770K [0x0000000080000000, 0x0000000100000000)
  region size 1024K, 84 young (86016K), 2 survivors (2048K)
 Metaspace       used 28582K, capacity 29203K, committed 29360K, reserved 1075200K
  class space    used 3816K, capacity 4029K, committed 4096K, reserved 1048576K
GC Heap History (8 events):
Event: 10.056 GC heap before
{Heap before GC invocations=0 (full 0):
 garbage-first heap   total 260096K, used 29696K [0x0000000080000000, 0x0000000100000000)
  region size 1024K, 24 young (24576K), 0 survivors (0K)
 Metaspace       used 10267K, capacity 10557K, committed 10624K, reserved 1058816K
  class space    used 1074K, capacity 1139K, committed 1152K, reserved 1048576K
}
Event: 10.084 GC heap after
{Heap after GC invocations=1 (full 0):
 garbage-first heap   total 260096K, used 9252K [0x0000000080000000, 0x0000000100000000)
  region size 1024K, 3 young (3072K), 3 survivors (3072K)
 Metaspace       used 10267K, capacity 10557K, committed 10624K, reserved 1058816K
  class space    used 1074K, capacity 1139K, committed 1152K, reserved 1048576K
}
Event: 12.487 GC heap before
{Heap before GC invocations=1 (full 0):
 garbage-first heap   total 260096K, used 25636K [0x0000000080000000, 0x0000000100000000)
  region size 1024K, 19 young (19456K), 3 survivors (3072K)
 Metaspace       used 11170K, capacity 11448K, committed 11520K, reserved 1058816K
  class space    used 1174K, capacity 1244K, committed 1280K, reserved 1048576K
}
Event: 12.489 GC heap after
{Heap after GC invocations=2 (full 0):
 garbage-first heap   total 260096K, used 9766K [0x0000000080000000, 0x0000000100000000)
  region size 1024K, 1 young (1024K), 1 survivors (1024K)
 Metaspace       used 11170K, capacity 11448K, committed 11520K, reserved 1058816K
  class space    used 1174K, capacity 1244K, committed 1280K, reserved 1048576K
}
Event: 34.456 GC heap before
{Heap before GC invocations=2 (full 0):
 garbage-first heap   total 260096K, used 58918K [0x0000000080000000, 0x0000000100000000)
  region size 1024K, 49 young (50176K), 1 survivors (1024K)
 Metaspace       used 17034K, capacity 17429K, committed 17536K, reserved 1064960K
  class space    used 1967K, capacity 2069K, committed 2176K, reserved 1048576K
}
Event: 34.461 GC heap after
{Heap after GC invocations=3 (full 0):
 garbage-first heap   total 260096K, used 15800K [0x0000000080000000, 0x0000000100000000)
  region size 1024K, 7 young (7168K), 7 survivors (7168K)
 Metaspace       used 17034K, capacity 17429K, committed 17536K, reserved 1064960K
  class space    used 1967K, capacity 2069K, committed 2176K, reserved 1048576K
}
Event: 35.067 GC heap before
{Heap before GC invocations=3 (full 0):
 garbage-first heap   total 260096K, used 47544K [0x0000000080000000, 0x0000000100000000)
  region size 1024K, 39 young (39936K), 7 survivors (7168K)
 Metaspace       used 20680K, capacity 21108K, committed 21296K, reserved 1069056K
  class space    used 2533K, capacity 2660K, committed 2688K, reserved 1048576K
}
Event: 35.077 GC heap after
{Heap after GC invocations=4 (full 0):
 garbage-first heap   total 260096K, used 16826K [0x0000000080000000, 0x0000000100000000)
  region size 1024K, 2 young (2048K), 2 survivors (2048K)
 Metaspace       used 20680K, capacity 21108K, committed 21296K, reserved 1069056K
  class space    used 2533K, capacity 2660K, committed 2688K, reserved 1048576K
}

